SF:lib/main.dart
DA:4,0
DA:5,0
DA:9,3
DA:12,0
DA:14,0
DA:16,0
DA:18,0
DA:21,0
LF:8
LH:1
end_of_record
SF:lib/application/user_service.dart
DA:12,0
DA:14,0
DA:16,0
DA:17,0
DA:20,0
DA:21,0
DA:25,0
DA:28,0
DA:31,0
DA:32,0
DA:37,0
DA:38,0
DA:39,0
DA:40,0
DA:41,0
DA:42,0
DA:45,0
LF:17
LH:0
end_of_record
SF:lib/domain/entities/login_request.dart
DA:5,0
LF:1
LH:0
end_of_record
SF:lib/domain/entities/login_response.dart
DA:7,0
LF:1
LH:0
end_of_record
SF:lib/domain/entities/user.dart
DA:7,1
DA:13,0
DA:14,0
DA:15,0
DA:16,0
DA:17,0
DA:18,0
DA:22,1
DA:23,1
DA:24,1
DA:25,1
DA:26,1
DA:27,1
LF:13
LH:7
end_of_record
SF:lib/infrastructure/provider/database_helper.dart
DA:7,0
DA:11,0
DA:13,0
DA:16,0
DA:17,0
DA:21,0
DA:27,0
DA:29,0
DA:31,0
DA:46,0
DA:48,0
DA:51,0
DA:54,0
DA:56,0
DA:59,0
DA:62,0
DA:65,0
DA:67,0
LF:18
LH:0
end_of_record
SF:lib/infrastructure/repository/user_repository_impl.dart
DA:11,0
DA:14,0
DA:16,0
DA:17,0
DA:19,0
DA:24,0
DA:25,0
DA:26,0
DA:27,0
DA:28,0
DA:29,0
DA:35,0
DA:36,0
DA:39,0
DA:42,0
DA:43,0
LF:16
LH:0
end_of_record
SF:lib/presentation/login_page.dart
DA:10,1
DA:11,1
DA:19,0
DA:20,0
DA:21,0
DA:22,0
DA:25,0
DA:26,0
DA:29,0
DA:31,0
DA:32,0
DA:33,0
DA:37,0
DA:38,0
DA:45,1
DA:47,1
DA:48,1
DA:49,1
DA:51,1
DA:52,1
DA:53,1
DA:55,1
DA:56,1
DA:57,1
DA:58,1
DA:59,1
DA:60,0
DA:61,0
DA:68,1
DA:69,1
DA:70,1
DA:71,1
DA:72,0
DA:73,0
DA:80,1
DA:81,1
DA:82,1
DA:83,1
LF:38
LH:22
end_of_record
SF:lib/presentation/next_page.dart
DA:4,0
DA:6,0
DA:8,0
DA:9,0
DA:12,0
DA:13,0
LF:6
LH:0
end_of_record
