SF:lib/presentation/login_page.dart
DA:9,1
DA:11,1
DA:13,1
DA:22,0
DA:23,0
DA:24,0
DA:25,0
DA:28,0
DA:29,0
DA:33,0
DA:36,0
DA:38,0
DA:39,0
DA:41,0
DA:45,0
DA:46,0
DA:50,0
DA:51,0
DA:52,0
DA:59,1
DA:61,1
DA:62,1
DA:65,1
DA:66,1
DA:67,1
DA:69,1
DA:70,1
DA:71,1
DA:73,1
DA:75,0
DA:76,0
DA:84,1
DA:86,1
DA:88,0
DA:89,0
DA:97,1
DA:98,0
LF:37
LH:16
end_of_record
SF:lib/application/user_service.dart
DA:12,0
DA:14,0
DA:16,0
DA:17,0
DA:20,0
DA:21,0
DA:26,0
DA:29,0
DA:32,0
DA:33,0
DA:38,0
DA:39,0
DA:40,0
DA:41,0
DA:42,0
DA:43,0
DA:44,0
DA:45,0
DA:48,0
LF:19
LH:0
end_of_record
SF:lib/domain/entities/login_request.dart
DA:5,0
LF:1
LH:0
end_of_record
SF:lib/domain/entities/login_response.dart
DA:7,0
LF:1
LH:0
end_of_record
SF:lib/domain/entities/user.dart
DA:7,0
DA:13,0
DA:14,0
DA:15,0
DA:16,0
DA:17,0
DA:18,0
DA:22,0
DA:23,0
DA:24,0
DA:25,0
DA:26,0
DA:27,0
LF:13
LH:0
end_of_record
SF:lib/domain/validator/exception.dart
DA:3,0
DA:8,0
DA:13,0
DA:18,0
LF:4
LH:0
end_of_record
SF:lib/infrastructure/provider/database_helper.dart
DA:6,0
DA:10,0
DA:12,0
DA:15,0
DA:16,0
DA:20,0
DA:27,0
DA:29,0
DA:31,0
DA:41,0
DA:50,0
DA:53,0
DA:55,0
DA:58,0
DA:61,0
DA:63,0
DA:66,0
DA:69,0
DA:72,0
DA:74,0
LF:20
LH:0
end_of_record
SF:lib/infrastructure/repository/user_repository_impl.dart
DA:10,0
DA:13,0
DA:15,0
DA:16,0
DA:18,0
DA:19,0
DA:22,0
DA:23,0
DA:24,0
DA:25,0
DA:26,0
DA:27,0
DA:33,0
DA:34,0
DA:37,0
DA:40,0
DA:41,0
LF:17
LH:0
end_of_record
SF:lib/presentation/next_page.dart
DA:4,1
DA:6,0
DA:8,0
DA:9,0
DA:12,0
DA:13,0
LF:6
LH:1
end_of_record
